2026-03-18 00:04:28,150 INFO o.a.j.u.JMeterUtils: Setting Locale to en_EN
2026-03-18 00:04:28,192 INFO o.a.j.JMeter: Loading user properties from: C:\JMeter\apache-jmeter-5.6.3\bin\user.properties
2026-03-18 00:04:28,216 INFO o.a.j.JMeter: Loading system properties from: C:\JMeter\apache-jmeter-5.6.3\bin\system.properties
2026-03-18 00:04:28,219 INFO o.a.j.JMeter: Copyright (c) 1998-2024 The Apache Software Foundation
2026-03-18 00:04:28,219 INFO o.a.j.JMeter: Version 5.6.3
2026-03-18 00:04:28,219 INFO o.a.j.JMeter: java.version=21.0.9
2026-03-18 00:04:28,219 INFO o.a.j.JMeter: java.vm.name=Java HotSpot(TM) 64-Bit Server VM
2026-03-18 00:04:28,219 INFO o.a.j.JMeter: os.name=Windows 11
2026-03-18 00:04:28,219 INFO o.a.j.JMeter: os.arch=amd64
2026-03-18 00:04:28,219 INFO o.a.j.JMeter: os.version=10.0
2026-03-18 00:04:28,219 INFO o.a.j.JMeter: file.encoding=UTF-8
2026-03-18 00:04:28,219 INFO o.a.j.JMeter: java.awt.headless=true
2026-03-18 00:04:28,219 INFO o.a.j.JMeter: Max memory     =1073741824
2026-03-18 00:04:28,219 INFO o.a.j.JMeter: Available Processors =8
2026-03-18 00:04:28,235 INFO o.a.j.JMeter: Default Locale=English (EN)
2026-03-18 00:04:28,235 INFO o.a.j.JMeter: JMeter  Locale=English (EN)
2026-03-18 00:04:28,235 INFO o.a.j.JMeter: JMeterHome=C:\JMeter\apache-jmeter-5.6.3
2026-03-18 00:04:28,235 INFO o.a.j.JMeter: user.dir  =C:\demoblaze-performance-testing
2026-03-18 00:04:28,235 INFO o.a.j.JMeter: PWD       =C:\demoblaze-performance-testing
2026-03-18 00:04:28,235 INFO o.a.j.JMeter: IP: 192.168.1.70 Name: BAYINGANA FullName: BAYINGANA
2026-03-18 00:04:28,253 INFO o.a.j.JMeter: Setting property 'jmeter.reportgenerator.outputdir' to:'C:\demoblaze-performance-testing\reports\baseline\html'
2026-03-18 00:04:28,253 INFO o.a.j.s.FileServer: Default base='C:\demoblaze-performance-testing'
2026-03-18 00:04:28,253 INFO o.a.j.s.FileServer: Set new base='C:\demoblaze-performance-testing\test-plan'
2026-03-18 00:04:28,503 INFO o.a.j.s.SaveService: Testplan (JMX) version: 2.2. Testlog (JTL) version: 2.2
2026-03-18 00:04:28,556 INFO o.a.j.s.SaveService: Using SaveService properties version 5.0
2026-03-18 00:04:28,569 INFO o.a.j.s.SaveService: Using SaveService properties file encoding UTF-8
2026-03-18 00:04:28,569 INFO o.a.j.s.SaveService: Loading file: test-plan\DemoBlaze_Performance_Test_fixed.jmx
2026-03-18 00:04:28,668 INFO o.a.j.p.h.s.HTTPSamplerBase: Parser for text/html is org.apache.jmeter.protocol.http.parser.LagartoBasedHtmlParser
2026-03-18 00:04:28,668 INFO o.a.j.p.h.s.HTTPSamplerBase: Parser for application/xhtml+xml is org.apache.jmeter.protocol.http.parser.LagartoBasedHtmlParser
2026-03-18 00:04:28,668 INFO o.a.j.p.h.s.HTTPSamplerBase: Parser for application/xml is org.apache.jmeter.protocol.http.parser.LagartoBasedHtmlParser
2026-03-18 00:04:28,668 INFO o.a.j.p.h.s.HTTPSamplerBase: Parser for text/xml is org.apache.jmeter.protocol.http.parser.LagartoBasedHtmlParser
2026-03-18 00:04:28,668 INFO o.a.j.p.h.s.HTTPSamplerBase: Parser for text/vnd.wap.wml is org.apache.jmeter.protocol.http.parser.RegexpHTMLParser
2026-03-18 00:04:28,668 INFO o.a.j.p.h.s.HTTPSamplerBase: Parser for text/css is org.apache.jmeter.protocol.http.parser.CssParser
2026-03-18 00:04:28,751 INFO o.a.j.JMeter: Creating summariser <summary>
2026-03-18 00:04:28,751 INFO o.a.j.r.d.ReportGenerator: ReportGenerator will use for Parsing the separator: ','
2026-03-18 00:04:28,751 INFO o.a.j.r.d.ReportGenerator: Will generate report at end of test from  results file: reports\baseline\baselineresults.jtl
2026-03-18 00:04:28,751 INFO o.a.j.r.d.ReportGenerator: Reading report generator properties from: C:\JMeter\apache-jmeter-5.6.3\bin\reportgenerator.properties
2026-03-18 00:04:28,773 INFO o.a.j.r.d.ReportGenerator: Merging with JMeter properties
2026-03-18 00:04:28,774 INFO o.a.j.r.c.ReportGeneratorConfiguration: Property 'jmeter.reportgenerator.temp_dir' not found, using default value 'temp' instead.
2026-03-18 00:04:28,774 INFO o.a.j.r.c.ReportGeneratorConfiguration: Property 'jmeter.reportgenerator.apdex_per_transaction' not found, using default value 'null' instead.
2026-03-18 00:04:28,774 INFO o.a.j.r.c.ReportGeneratorConfiguration: apdex_per_transaction is empty, not APDEX per transaction customization
2026-03-18 00:04:28,774 INFO o.a.j.r.c.ReportGeneratorConfiguration: Property 'jmeter.reportgenerator.sample_filter' not found, using default value 'null' instead.
2026-03-18 00:04:28,774 INFO o.a.j.r.c.ReportGeneratorConfiguration: Property 'jmeter.reportgenerator.report_title' not found, using default value 'null' instead.
2026-03-18 00:04:28,774 INFO o.a.j.r.c.ReportGeneratorConfiguration: Property 'jmeter.reportgenerator.start_date' not found, using default value 'null' instead.
2026-03-18 00:04:28,784 INFO o.a.j.r.c.ReportGeneratorConfiguration: Property 'jmeter.reportgenerator.end_date' not found, using default value 'null' instead.
2026-03-18 00:04:28,784 INFO o.a.j.r.c.ReportGeneratorConfiguration: Property 'jmeter.reportgenerator.date_format' not found, using default value 'null' instead.
2026-03-18 00:04:28,784 INFO o.a.j.r.c.ReportGeneratorConfiguration: Will use date range start date: null, end date: null
2026-03-18 00:04:28,791 INFO o.a.j.r.c.ReportGeneratorConfiguration: Property 'jmeter.reportgenerator.graph.totalTPS.exclude_controllers' not found, using default value 'false' instead.
2026-03-18 00:04:28,791 INFO o.a.j.r.c.ReportGeneratorConfiguration: Property 'jmeter.reportgenerator.graph.activeThreadsOverTime.exclude_controllers' not found, using default value 'false' instead.
2026-03-18 00:04:28,791 INFO o.a.j.r.c.ReportGeneratorConfiguration: Property 'jmeter.reportgenerator.graph.timeVsThreads.exclude_controllers' not found, using default value 'false' instead.
2026-03-18 00:04:28,791 INFO o.a.j.r.c.ReportGeneratorConfiguration: Property 'jmeter.reportgenerator.graph.responseTimeDistribution.exclude_controllers' not found, using default value 'false' instead.
2026-03-18 00:04:28,791 INFO o.a.j.r.c.ReportGeneratorConfiguration: Property 'jmeter.reportgenerator.graph.transactionsPerSecond.exclude_controllers' not found, using default value 'false' instead.
2026-03-18 00:04:28,791 INFO o.a.j.r.c.ReportGeneratorConfiguration: Property 'jmeter.reportgenerator.graph.responseTimePercentiles.exclude_controllers' not found, using default value 'false' instead.
2026-03-18 00:04:28,791 INFO o.a.j.r.c.ReportGeneratorConfiguration: Property 'jmeter.reportgenerator.graph.responseTimePercentilesOverTime.exclude_controllers' not found, using default value 'false' instead.
2026-03-18 00:04:28,791 INFO o.a.j.r.c.ReportGeneratorConfiguration: Property 'jmeter.reportgenerator.graph.responseTimesOverTime.exclude_controllers' not found, using default value 'false' instead.
2026-03-18 00:04:28,791 INFO o.a.j.r.c.ReportGeneratorConfiguration: Property 'jmeter.reportgenerator.graph.connectTimeOverTime.exclude_controllers' not found, using default value 'false' instead.
2026-03-18 00:04:28,791 INFO o.a.j.r.c.ReportGeneratorConfiguration: Property 'jmeter.reportgenerator.graph.latenciesOverTime.exclude_controllers' not found, using default value 'false' instead.
2026-03-18 00:04:28,791 INFO o.a.j.r.c.ReportGeneratorConfiguration: Property 'jmeter.reportgenerator.exporter.json.filters_only_sample_series' not found, using default value 'true' instead.
2026-03-18 00:04:28,791 INFO o.a.j.r.c.ReportGeneratorConfiguration: Property 'jmeter.reportgenerator.exporter.json.series_filter' not found, using default value '' instead.
2026-03-18 00:04:28,791 INFO o.a.j.r.c.ReportGeneratorConfiguration: Property 'jmeter.reportgenerator.exporter.json.show_controllers_only' not found, using default value 'false' instead.
2026-03-18 00:04:28,791 INFO o.a.j.r.c.ReportGeneratorConfiguration: Property 'jmeter.reportgenerator.exporter.html.filters_only_sample_series' not found, using default value 'true' instead.
2026-03-18 00:04:28,791 INFO o.a.j.r.c.ReportGeneratorConfiguration: Property 'jmeter.reportgenerator.exporter.html.series_filter' not found, using default value '' instead.
2026-03-18 00:04:28,791 INFO o.a.j.r.c.ReportGeneratorConfiguration: Property 'jmeter.reportgenerator.exporter.html.show_controllers_only' not found, using default value 'false' instead.
2026-03-18 00:04:28,806 INFO o.a.j.e.StandardJMeterEngine: Running the test!
2026-03-18 00:04:28,806 INFO o.a.j.s.SampleEvent: List of sample_variables: []
2026-03-18 00:04:28,806 INFO o.a.j.s.SampleEvent: List of sample_variables: []
2026-03-18 00:04:28,824 INFO o.a.j.e.u.CompoundVariable: Note: Function class names must contain the string: '.functions.'
2026-03-18 00:04:28,824 INFO o.a.j.e.u.CompoundVariable: Note: Function class names must not contain the string: '.gui.'
2026-03-18 00:04:28,925 INFO o.a.j.r.ClassFinder: Will scan jar C:\JMeter\apache-jmeter-5.6.3\lib\ext\jmeter-plugins-manager-1.11.jar with filter ExtendsClassFilter [parents=[interface org.apache.jmeter.functions.Function], inner=false, contains=null, notContains=null]. Consider exposing JMeter plugins via META-INF/services, and add JMeter-Skip-Class-Scanning=true manifest attribute so JMeter can skip classfile scanning
2026-03-18 00:04:29,215 INFO o.a.j.JMeter: Running test (1773785069214)
2026-03-18 00:04:29,240 INFO o.a.j.e.StandardJMeterEngine: Starting ThreadGroup: 1 : Baseline - 50 Users
2026-03-18 00:04:29,240 INFO o.a.j.e.StandardJMeterEngine: Starting 50 threads for group Baseline - 50 Users.
2026-03-18 00:04:29,240 INFO o.a.j.e.StandardJMeterEngine: Thread will continue on error
2026-03-18 00:04:29,241 INFO o.a.j.t.ThreadGroup: Starting thread group... number=1 threads=50 ramp-up=50 delayedStart=false
2026-03-18 00:04:29,257 INFO o.a.j.t.JMeterThread: Thread started: Baseline - 50 Users 1-1
2026-03-18 00:04:29,332 INFO o.a.j.t.ThreadGroup: Started thread group number 1
2026-03-18 00:04:29,333 INFO o.a.j.e.StandardJMeterEngine: All thread groups have been started
2026-03-18 00:04:30,253 INFO o.a.j.t.JMeterThread: Thread started: Baseline - 50 Users 1-2
2026-03-18 00:04:30,296 INFO o.a.j.p.h.s.HTTPHCAbstractImpl: Local host = BAYINGANA
2026-03-18 00:04:30,309 INFO o.a.j.p.h.s.HTTPHC4Impl: HTTP request retry count = 0
2026-03-18 00:04:30,311 INFO o.a.j.s.SampleResult: Note: Sample TimeStamps are START times
2026-03-18 00:04:30,311 INFO o.a.j.s.SampleResult: sampleresult.default.encoding is set to UTF-8
2026-03-18 00:04:30,311 INFO o.a.j.s.SampleResult: sampleresult.useNanoTime=true
2026-03-18 00:04:30,312 INFO o.a.j.s.SampleResult: sampleresult.nanoThreadSleep=5000
2026-03-18 00:04:30,720 INFO o.a.j.p.h.s.h.LazyLayeredConnectionSocketFactory: Setting up HTTPS TrustAll Socket Factory
2026-03-18 00:04:30,733 INFO o.a.j.u.JsseSSLManager: Using default SSL protocol: TLS
2026-03-18 00:04:30,733 INFO o.a.j.u.JsseSSLManager: SSL session context: per-thread
2026-03-18 00:04:30,937 INFO o.a.j.u.SSLManager: JmeterKeyStore Location:  type JKS
2026-03-18 00:04:30,943 INFO o.a.j.u.SSLManager: KeyStore created OK
2026-03-18 00:04:30,943 WARN o.a.j.u.SSLManager: Keystore file not found, loading empty keystore
2026-03-18 00:04:31,253 INFO o.a.j.t.JMeterThread: Thread started: Baseline - 50 Users 1-3
2026-03-18 00:04:32,014 INFO o.a.j.r.Summariser: summary +      1 in 00:00:03 =    0.4/s Avg:  1585 Min:  1585 Max:  1585 Err:     0 (0.00%) Active: 3 Started: 3 Finished: 0
2026-03-18 00:04:32,248 INFO o.a.j.t.JMeterThread: Thread started: Baseline - 50 Users 1-4
2026-03-18 00:04:33,244 INFO o.a.j.t.JMeterThread: Thread started: Baseline - 50 Users 1-5
2026-03-18 00:04:34,245 INFO o.a.j.t.JMeterThread: Thread started: Baseline - 50 Users 1-6
2026-03-18 00:04:35,245 INFO o.a.j.t.JMeterThread: Thread started: Baseline - 50 Users 1-7
2026-03-18 00:04:36,245 INFO o.a.j.t.JMeterThread: Thread started: Baseline - 50 Users 1-8
2026-03-18 00:04:37,475 INFO o.a.j.t.JMeterThread: Thread started: Baseline - 50 Users 1-9
2026-03-18 00:04:38,244 INFO o.a.j.t.JMeterThread: Thread started: Baseline - 50 Users 1-10
2026-03-18 00:04:38,464 INFO o.a.j.t.JMeterThread: Thread is done: Baseline - 50 Users 1-2
2026-03-18 00:04:38,464 INFO o.a.j.t.JMeterThread: Thread finished: Baseline - 50 Users 1-2
2026-03-18 00:04:38,472 INFO o.a.j.t.JMeterThread: Thread is done: Baseline - 50 Users 1-1
2026-03-18 00:04:38,472 INFO o.a.j.t.JMeterThread: Thread finished: Baseline - 50 Users 1-1
2026-03-18 00:04:38,890 INFO o.a.j.t.JMeterThread: Thread is done: Baseline - 50 Users 1-3
2026-03-18 00:04:38,890 INFO o.a.j.t.JMeterThread: Thread finished: Baseline - 50 Users 1-3
2026-03-18 00:04:39,244 INFO o.a.j.t.JMeterThread: Thread started: Baseline - 50 Users 1-11
2026-03-18 00:04:40,231 INFO o.a.j.t.JMeterThread: Thread is done: Baseline - 50 Users 1-4
2026-03-18 00:04:40,232 INFO o.a.j.t.JMeterThread: Thread finished: Baseline - 50 Users 1-4
2026-03-18 00:04:40,244 INFO o.a.j.t.JMeterThread: Thread started: Baseline - 50 Users 1-12
2026-03-18 00:04:41,011 INFO o.a.j.t.JMeterThread: Thread is done: Baseline - 50 Users 1-5
2026-03-18 00:04:41,011 INFO o.a.j.t.JMeterThread: Thread finished: Baseline - 50 Users 1-5
2026-03-18 00:04:41,245 INFO o.a.j.t.JMeterThread: Thread started: Baseline - 50 Users 1-13
2026-03-18 00:04:41,887 INFO o.a.j.t.JMeterThread: Thread is done: Baseline - 50 Users 1-6
2026-03-18 00:04:41,887 INFO o.a.j.t.JMeterThread: Thread finished: Baseline - 50 Users 1-6
2026-03-18 00:04:42,247 INFO o.a.j.t.JMeterThread: Thread started: Baseline - 50 Users 1-14
2026-03-18 00:04:43,183 INFO o.a.j.t.JMeterThread: Thread is done: Baseline - 50 Users 1-7
2026-03-18 00:04:43,183 INFO o.a.j.t.JMeterThread: Thread finished: Baseline - 50 Users 1-7
2026-03-18 00:04:43,243 INFO o.a.j.t.JMeterThread: Thread started: Baseline - 50 Users 1-15
2026-03-18 00:04:43,694 INFO o.a.j.t.JMeterThread: Thread is done: Baseline - 50 Users 1-8
2026-03-18 00:04:43,695 INFO o.a.j.t.JMeterThread: Thread finished: Baseline - 50 Users 1-8
2026-03-18 00:04:44,245 INFO o.a.j.t.JMeterThread: Thread started: Baseline - 50 Users 1-16
2026-03-18 00:04:45,243 INFO o.a.j.t.JMeterThread: Thread started: Baseline - 50 Users 1-17
2026-03-18 00:04:45,249 INFO o.a.j.t.JMeterThread: Thread is done: Baseline - 50 Users 1-9
2026-03-18 00:04:45,250 INFO o.a.j.t.JMeterThread: Thread finished: Baseline - 50 Users 1-9
2026-03-18 00:04:46,242 INFO o.a.j.t.JMeterThread: Thread is done: Baseline - 50 Users 1-10
2026-03-18 00:04:46,242 INFO o.a.j.t.JMeterThread: Thread started: Baseline - 50 Users 1-18
2026-03-18 00:04:46,242 INFO o.a.j.t.JMeterThread: Thread finished: Baseline - 50 Users 1-10
2026-03-18 00:04:46,635 INFO o.a.j.t.JMeterThread: Thread is done: Baseline - 50 Users 1-11
2026-03-18 00:04:46,635 INFO o.a.j.t.JMeterThread: Thread finished: Baseline - 50 Users 1-11
2026-03-18 00:04:47,244 INFO o.a.j.t.JMeterThread: Thread started: Baseline - 50 Users 1-19
2026-03-18 00:04:48,247 INFO o.a.j.t.JMeterThread: Thread started: Baseline - 50 Users 1-20
2026-03-18 00:04:48,266 INFO o.a.j.t.JMeterThread: Thread is done: Baseline - 50 Users 1-12
2026-03-18 00:04:48,267 INFO o.a.j.t.JMeterThread: Thread finished: Baseline - 50 Users 1-12
2026-03-18 00:04:48,988 INFO o.a.j.t.JMeterThread: Thread is done: Baseline - 50 Users 1-13
2026-03-18 00:04:48,988 INFO o.a.j.t.JMeterThread: Thread finished: Baseline - 50 Users 1-13
2026-03-18 00:04:49,247 INFO o.a.j.t.JMeterThread: Thread started: Baseline - 50 Users 1-21
2026-03-18 00:04:49,772 INFO o.a.j.t.JMeterThread: Thread is done: Baseline - 50 Users 1-14
2026-03-18 00:04:49,772 INFO o.a.j.t.JMeterThread: Thread finished: Baseline - 50 Users 1-14
2026-03-18 00:04:50,246 INFO o.a.j.t.JMeterThread: Thread started: Baseline - 50 Users 1-22
2026-03-18 00:04:51,143 INFO o.a.j.t.JMeterThread: Thread is done: Baseline - 50 Users 1-15
2026-03-18 00:04:51,143 INFO o.a.j.t.JMeterThread: Thread finished: Baseline - 50 Users 1-15
2026-03-18 00:04:51,246 INFO o.a.j.t.JMeterThread: Thread started: Baseline - 50 Users 1-23
2026-03-18 00:04:51,906 INFO o.a.j.t.JMeterThread: Thread is done: Baseline - 50 Users 1-16
2026-03-18 00:04:51,907 INFO o.a.j.t.JMeterThread: Thread finished: Baseline - 50 Users 1-16
2026-03-18 00:04:52,248 INFO o.a.j.t.JMeterThread: Thread started: Baseline - 50 Users 1-24
2026-03-18 00:04:52,894 INFO o.a.j.t.JMeterThread: Thread is done: Baseline - 50 Users 1-17
2026-03-18 00:04:52,895 INFO o.a.j.t.JMeterThread: Thread finished: Baseline - 50 Users 1-17
2026-03-18 00:04:53,253 INFO o.a.j.t.JMeterThread: Thread started: Baseline - 50 Users 1-25
2026-03-18 00:04:53,920 INFO o.a.j.t.JMeterThread: Thread is done: Baseline - 50 Users 1-18
2026-03-18 00:04:53,920 INFO o.a.j.t.JMeterThread: Thread finished: Baseline - 50 Users 1-18
2026-03-18 00:04:54,245 INFO o.a.j.t.JMeterThread: Thread started: Baseline - 50 Users 1-26
2026-03-18 00:04:54,785 INFO o.a.j.t.JMeterThread: Thread is done: Baseline - 50 Users 1-19
2026-03-18 00:04:54,785 INFO o.a.j.t.JMeterThread: Thread finished: Baseline - 50 Users 1-19
2026-03-18 00:04:55,263 INFO o.a.j.t.JMeterThread: Thread started: Baseline - 50 Users 1-27
2026-03-18 00:04:55,722 INFO o.a.j.t.JMeterThread: Thread is done: Baseline - 50 Users 1-20
2026-03-18 00:04:55,722 INFO o.a.j.t.JMeterThread: Thread finished: Baseline - 50 Users 1-20
2026-03-18 00:04:56,248 INFO o.a.j.t.JMeterThread: Thread started: Baseline - 50 Users 1-28
2026-03-18 00:04:56,893 INFO o.a.j.t.JMeterThread: Thread is done: Baseline - 50 Users 1-21
2026-03-18 00:04:56,893 INFO o.a.j.t.JMeterThread: Thread finished: Baseline - 50 Users 1-21
2026-03-18 00:04:57,248 INFO o.a.j.t.JMeterThread: Thread started: Baseline - 50 Users 1-29
2026-03-18 00:04:57,956 INFO o.a.j.t.JMeterThread: Thread is done: Baseline - 50 Users 1-22
2026-03-18 00:04:57,956 INFO o.a.j.t.JMeterThread: Thread finished: Baseline - 50 Users 1-22
2026-03-18 00:04:58,247 INFO o.a.j.t.JMeterThread: Thread started: Baseline - 50 Users 1-30
2026-03-18 00:04:59,044 INFO o.a.j.t.JMeterThread: Thread is done: Baseline - 50 Users 1-23
2026-03-18 00:04:59,044 INFO o.a.j.t.JMeterThread: Thread finished: Baseline - 50 Users 1-23
2026-03-18 00:04:59,247 INFO o.a.j.t.JMeterThread: Thread started: Baseline - 50 Users 1-31
2026-03-18 00:04:59,904 INFO o.a.j.t.JMeterThread: Thread is done: Baseline - 50 Users 1-24
2026-03-18 00:04:59,904 INFO o.a.j.t.JMeterThread: Thread finished: Baseline - 50 Users 1-24
2026-03-18 00:05:00,247 INFO o.a.j.t.JMeterThread: Thread started: Baseline - 50 Users 1-32
2026-03-18 00:05:00,344 INFO o.a.j.r.Summariser: summary +    134 in 00:00:28 =    4.7/s Avg:   547 Min:   255 Max:  1189 Err:     0 (0.00%) Active: 8 Started: 32 Finished: 24
2026-03-18 00:05:00,344 INFO o.a.j.r.Summariser: summary =    135 in 00:00:31 =    4.3/s Avg:   554 Min:   255 Max:  1585 Err:     0 (0.00%)
2026-03-18 00:05:00,803 INFO o.a.j.t.JMeterThread: Thread is done: Baseline - 50 Users 1-25
2026-03-18 00:05:00,804 INFO o.a.j.t.JMeterThread: Thread finished: Baseline - 50 Users 1-25
2026-03-18 00:05:01,246 INFO o.a.j.t.JMeterThread: Thread started: Baseline - 50 Users 1-33
2026-03-18 00:05:01,794 INFO o.a.j.t.JMeterThread: Thread is done: Baseline - 50 Users 1-26
2026-03-18 00:05:01,795 INFO o.a.j.t.JMeterThread: Thread finished: Baseline - 50 Users 1-26
2026-03-18 00:05:02,246 INFO o.a.j.t.JMeterThread: Thread started: Baseline - 50 Users 1-34
2026-03-18 00:05:02,884 INFO o.a.j.t.JMeterThread: Thread is done: Baseline - 50 Users 1-27
2026-03-18 00:05:02,884 INFO o.a.j.t.JMeterThread: Thread finished: Baseline - 50 Users 1-27
2026-03-18 00:05:03,246 INFO o.a.j.t.JMeterThread: Thread started: Baseline - 50 Users 1-35
2026-03-18 00:05:04,104 INFO o.a.j.t.JMeterThread: Thread is done: Baseline - 50 Users 1-28
2026-03-18 00:05:04,104 INFO o.a.j.t.JMeterThread: Thread finished: Baseline - 50 Users 1-28
2026-03-18 00:05:04,246 INFO o.a.j.t.JMeterThread: Thread started: Baseline - 50 Users 1-36
2026-03-18 00:05:05,244 INFO o.a.j.t.JMeterThread: Thread started: Baseline - 50 Users 1-37
2026-03-18 00:05:05,453 INFO o.a.j.t.JMeterThread: Thread is done: Baseline - 50 Users 1-29
2026-03-18 00:05:05,453 INFO o.a.j.t.JMeterThread: Thread finished: Baseline - 50 Users 1-29
2026-03-18 00:05:05,875 INFO o.a.j.t.JMeterThread: Thread is done: Baseline - 50 Users 1-30
2026-03-18 00:05:05,875 INFO o.a.j.t.JMeterThread: Thread finished: Baseline - 50 Users 1-30
2026-03-18 00:05:06,250 INFO o.a.j.t.JMeterThread: Thread started: Baseline - 50 Users 1-38
2026-03-18 00:05:07,182 INFO o.a.j.t.JMeterThread: Thread is done: Baseline - 50 Users 1-31
2026-03-18 00:05:07,184 INFO o.a.j.t.JMeterThread: Thread finished: Baseline - 50 Users 1-31
2026-03-18 00:05:07,253 INFO o.a.j.t.JMeterThread: Thread started: Baseline - 50 Users 1-39
2026-03-18 00:05:08,200 INFO o.a.j.t.JMeterThread: Thread is done: Baseline - 50 Users 1-32
2026-03-18 00:05:08,200 INFO o.a.j.t.JMeterThread: Thread finished: Baseline - 50 Users 1-32
2026-03-18 00:05:08,256 INFO o.a.j.t.JMeterThread: Thread started: Baseline - 50 Users 1-40
2026-03-18 00:05:09,245 INFO o.a.j.t.JMeterThread: Thread started: Baseline - 50 Users 1-41
2026-03-18 00:05:09,340 INFO o.a.j.t.JMeterThread: Thread is done: Baseline - 50 Users 1-33
2026-03-18 00:05:09,340 INFO o.a.j.t.JMeterThread: Thread finished: Baseline - 50 Users 1-33
2026-03-18 00:05:10,261 INFO o.a.j.t.JMeterThread: Thread started: Baseline - 50 Users 1-42
2026-03-18 00:05:11,269 INFO o.a.j.t.JMeterThread: Thread started: Baseline - 50 Users 1-43
2026-03-18 00:05:11,524 INFO o.a.j.t.JMeterThread: Thread is done: Baseline - 50 Users 1-35
2026-03-18 00:05:11,524 INFO o.a.j.t.JMeterThread: Thread finished: Baseline - 50 Users 1-35
2026-03-18 00:05:11,587 INFO o.a.j.t.JMeterThread: Thread is done: Baseline - 50 Users 1-34
2026-03-18 00:05:11,587 INFO o.a.j.t.JMeterThread: Thread finished: Baseline - 50 Users 1-34
2026-03-18 00:05:12,268 INFO o.a.j.t.JMeterThread: Thread started: Baseline - 50 Users 1-44
2026-03-18 00:05:12,774 INFO o.a.j.t.JMeterThread: Thread is done: Baseline - 50 Users 1-36
2026-03-18 00:05:12,774 INFO o.a.j.t.JMeterThread: Thread finished: Baseline - 50 Users 1-36
2026-03-18 00:05:13,266 INFO o.a.j.t.JMeterThread: Thread started: Baseline - 50 Users 1-45
2026-03-18 00:05:13,395 INFO o.a.j.t.JMeterThread: Thread is done: Baseline - 50 Users 1-37
2026-03-18 00:05:13,395 INFO o.a.j.t.JMeterThread: Thread finished: Baseline - 50 Users 1-37
2026-03-18 00:05:14,238 INFO o.a.j.t.JMeterThread: Thread is done: Baseline - 50 Users 1-38
2026-03-18 00:05:14,239 INFO o.a.j.t.JMeterThread: Thread finished: Baseline - 50 Users 1-38
2026-03-18 00:05:14,254 INFO o.a.j.t.JMeterThread: Thread started: Baseline - 50 Users 1-46
2026-03-18 00:05:15,255 INFO o.a.j.t.JMeterThread: Thread started: Baseline - 50 Users 1-47
2026-03-18 00:05:15,255 INFO o.a.j.t.JMeterThread: Thread is done: Baseline - 50 Users 1-39
2026-03-18 00:05:15,255 INFO o.a.j.t.JMeterThread: Thread finished: Baseline - 50 Users 1-39
2026-03-18 00:05:16,064 INFO o.a.j.t.JMeterThread: Thread is done: Baseline - 50 Users 1-40
2026-03-18 00:05:16,064 INFO o.a.j.t.JMeterThread: Thread finished: Baseline - 50 Users 1-40
2026-03-18 00:05:16,252 INFO o.a.j.t.JMeterThread: Thread started: Baseline - 50 Users 1-48
2026-03-18 00:05:16,853 INFO o.a.j.t.JMeterThread: Thread is done: Baseline - 50 Users 1-41
2026-03-18 00:05:16,853 INFO o.a.j.t.JMeterThread: Thread finished: Baseline - 50 Users 1-41
2026-03-18 00:05:17,252 INFO o.a.j.t.JMeterThread: Thread started: Baseline - 50 Users 1-49
2026-03-18 00:05:17,844 INFO o.a.j.t.JMeterThread: Thread is done: Baseline - 50 Users 1-42
2026-03-18 00:05:17,844 INFO o.a.j.t.JMeterThread: Thread finished: Baseline - 50 Users 1-42
2026-03-18 00:05:18,253 INFO o.a.j.t.JMeterThread: Thread started: Baseline - 50 Users 1-50
2026-03-18 00:05:19,330 INFO o.a.j.t.JMeterThread: Thread is done: Baseline - 50 Users 1-43
2026-03-18 00:05:19,330 INFO o.a.j.t.JMeterThread: Thread finished: Baseline - 50 Users 1-43
2026-03-18 00:05:19,792 INFO o.a.j.t.JMeterThread: Thread is done: Baseline - 50 Users 1-44
2026-03-18 00:05:19,792 INFO o.a.j.t.JMeterThread: Thread finished: Baseline - 50 Users 1-44
2026-03-18 00:05:21,124 INFO o.a.j.t.JMeterThread: Thread is done: Baseline - 50 Users 1-45
2026-03-18 00:05:21,124 INFO o.a.j.t.JMeterThread: Thread finished: Baseline - 50 Users 1-45
2026-03-18 00:05:21,805 INFO o.a.j.t.JMeterThread: Thread is done: Baseline - 50 Users 1-46
2026-03-18 00:05:21,805 INFO o.a.j.t.JMeterThread: Thread finished: Baseline - 50 Users 1-46
2026-03-18 00:05:22,948 INFO o.a.j.t.JMeterThread: Thread is done: Baseline - 50 Users 1-47
2026-03-18 00:05:22,948 INFO o.a.j.t.JMeterThread: Thread finished: Baseline - 50 Users 1-47
2026-03-18 00:05:23,762 INFO o.a.j.t.JMeterThread: Thread is done: Baseline - 50 Users 1-48
2026-03-18 00:05:23,762 INFO o.a.j.t.JMeterThread: Thread finished: Baseline - 50 Users 1-48
2026-03-18 00:05:24,821 INFO o.a.j.t.JMeterThread: Thread is done: Baseline - 50 Users 1-49
2026-03-18 00:05:24,821 INFO o.a.j.t.JMeterThread: Thread finished: Baseline - 50 Users 1-49
2026-03-18 00:05:26,027 INFO o.a.j.t.JMeterThread: Thread is done: Baseline - 50 Users 1-50
2026-03-18 00:05:26,027 INFO o.a.j.t.JMeterThread: Thread finished: Baseline - 50 Users 1-50
2026-03-18 00:05:26,027 INFO o.a.j.e.StandardJMeterEngine: Notifying test listeners of end of test
2026-03-18 00:05:26,032 INFO o.a.j.r.Summariser: summary +    115 in 00:00:26 =    4.5/s Avg:   573 Min:   252 Max:  2133 Err:     1 (0.87%) Active: 0 Started: 50 Finished: 50
2026-03-18 00:05:26,032 INFO o.a.j.r.Summariser: summary =    250 in 00:00:57 =    4.4/s Avg:   563 Min:   252 Max:  2133 Err:     1 (0.40%)
2026-03-18 00:05:26,032 INFO o.a.j.JMeter: Generating Dashboard
2026-03-18 00:05:26,032 INFO o.a.j.r.d.ReportGenerator: Flushing result collector before report Generation
2026-03-18 00:05:26,089 INFO o.a.j.r.p.NormalizerSampleConsumer: Using format, 'ms', to parse timeStamp field
2026-03-18 00:05:26,253 INFO o.a.j.r.p.AbstractSampleConsumer: class org.apache.jmeter.report.processor.AggregateConsumer#stopProducing(): beginDate produced 0 samples
2026-03-18 00:05:26,253 INFO o.a.j.r.p.AbstractSampleConsumer: class org.apache.jmeter.report.processor.AggregateConsumer#stopProducing(): endDate produced 0 samples
2026-03-18 00:05:26,259 INFO o.a.j.r.p.AbstractSampleConsumer: class org.apache.jmeter.report.processor.ApdexSummaryConsumer#stopProducing(): apdexSummary produced 0 samples
2026-03-18 00:05:26,259 INFO o.a.j.r.p.AbstractSampleConsumer: class org.apache.jmeter.report.processor.RequestsSummaryConsumer#stopProducing(): requestsSummary produced 0 samples
2026-03-18 00:05:26,269 INFO o.a.j.r.p.AbstractSampleConsumer: class org.apache.jmeter.report.processor.StatisticsSummaryConsumer#stopProducing(): statisticsSummary produced 0 samples
2026-03-18 00:05:26,273 INFO o.a.j.r.p.AbstractSampleConsumer: class org.apache.jmeter.report.processor.Top5ErrorsBySamplerConsumer#stopProducing(): top5ErrorsBySampler produced 0 samples
2026-03-18 00:05:26,273 INFO o.a.j.r.p.AbstractSampleConsumer: class org.apache.jmeter.report.processor.ErrorsSummaryConsumer#stopProducing(): errorsSummary produced 0 samples
2026-03-18 00:05:26,273 INFO o.a.j.r.p.AbstractSampleConsumer: class org.apache.jmeter.report.processor.graph.impl.HitsPerSecondGraphConsumer#stopProducing(): hitsPerSecond produced 0 samples
2026-03-18 00:05:26,371 INFO o.a.j.r.p.AbstractSampleConsumer: class org.apache.jmeter.report.processor.graph.impl.LatencyVSRequestGraphConsumer#stopProducing(): latencyVsRequest produced 0 samples
2026-03-18 00:05:26,373 INFO o.a.j.r.p.AbstractSampleConsumer: class org.apache.jmeter.report.processor.graph.impl.SyntheticResponseTimeDistributionGraphConsumer#stopProducing(): syntheticResponseTimeDistribution produced 0 samples
2026-03-18 00:05:26,373 INFO o.a.j.r.p.AbstractSampleConsumer: class org.apache.jmeter.report.processor.graph.impl.BytesThroughputGraphConsumer#stopProducing(): bytesThroughputOverTime produced 0 samples
2026-03-18 00:05:26,373 INFO o.a.j.r.p.AbstractSampleConsumer: class org.apache.jmeter.report.processor.graph.impl.CodesPerSecondGraphConsumer#stopProducing(): codesPerSecond produced 0 samples
2026-03-18 00:05:26,401 INFO o.a.j.r.p.AbstractSampleConsumer: class org.apache.jmeter.report.processor.graph.impl.ResponseTimeVSRequestGraphConsumer#stopProducing(): responseTimeVsRequest produced 0 samples
2026-03-18 00:05:26,401 INFO o.a.j.r.p.AbstractSampleConsumer: class org.apache.jmeter.report.processor.FilterConsumer#stopProducing(): startIntervalControlerFilter produced 1750 samples
2026-03-18 00:05:26,408 INFO o.a.j.r.p.AbstractSampleConsumer: class org.apache.jmeter.report.processor.graph.impl.TotalTPSGraphConsumer#stopProducing(): totalTPS produced 0 samples
2026-03-18 00:05:26,408 INFO o.a.j.r.p.AbstractSampleConsumer: class org.apache.jmeter.report.processor.graph.impl.ActiveThreadsGraphConsumer#stopProducing(): activeThreadsOverTime produced 0 samples
2026-03-18 00:05:26,408 INFO o.a.j.r.p.AbstractSampleConsumer: class org.apache.jmeter.report.processor.graph.impl.TimeVSThreadGraphConsumer#stopProducing(): timeVsThreads produced 0 samples
2026-03-18 00:05:26,408 INFO o.a.j.r.p.AbstractSampleConsumer: class org.apache.jmeter.report.processor.graph.impl.ResponseTimeDistributionGraphConsumer#stopProducing(): responseTimeDistribution produced 0 samples
2026-03-18 00:05:26,408 INFO o.a.j.r.p.AbstractSampleConsumer: class org.apache.jmeter.report.processor.graph.impl.TransactionsPerSecondGraphConsumer#stopProducing(): transactionsPerSecond produced 0 samples
2026-03-18 00:05:26,408 INFO o.a.j.r.p.AbstractSampleConsumer: class org.apache.jmeter.report.processor.graph.impl.ResponseTimePercentilesGraphConsumer#stopProducing(): responseTimePercentiles produced 0 samples
2026-03-18 00:05:26,413 INFO o.a.j.r.p.AbstractSampleConsumer: class org.apache.jmeter.report.processor.graph.impl.ResponseTimePercentilesOverTimeGraphConsumer#stopProducing(): responseTimePercentilesOverTime produced 0 samples
2026-03-18 00:05:26,414 INFO o.a.j.r.p.AbstractSampleConsumer: class org.apache.jmeter.report.processor.graph.impl.ResponseTimeOverTimeGraphConsumer#stopProducing(): responseTimesOverTime produced 0 samples
2026-03-18 00:05:26,414 INFO o.a.j.r.p.AbstractSampleConsumer: class org.apache.jmeter.report.processor.graph.impl.ConnectTimeOverTimeGraphConsumer#stopProducing(): connectTimeOverTime produced 0 samples
2026-03-18 00:05:26,414 INFO o.a.j.r.p.AbstractSampleConsumer: class org.apache.jmeter.report.processor.graph.impl.LatencyOverTimeGraphConsumer#stopProducing(): latenciesOverTime produced 0 samples
2026-03-18 00:05:26,414 INFO o.a.j.r.p.AbstractSampleConsumer: class org.apache.jmeter.report.processor.FilterConsumer#stopProducing(): nameFilter produced 3750 samples
2026-03-18 00:05:26,414 INFO o.a.j.r.p.AbstractSampleConsumer: class org.apache.jmeter.report.processor.FilterConsumer#stopProducing(): dateRangeFilter produced 750 samples
2026-03-18 00:05:26,414 INFO o.a.j.r.p.AbstractSampleConsumer: class org.apache.jmeter.report.processor.NormalizerSampleConsumer#stopProducing(): normalizer produced 250 samples
2026-03-18 00:05:26,416 INFO o.a.j.r.p.CsvFileSampleSource: produce(): 250 samples produced in 281ms on channel 0
2026-03-18 00:05:26,416 INFO o.a.j.r.d.ReportGenerator: Exporting data using exporter:'json' of className:'org.apache.jmeter.report.dashboard.JsonExporter'
2026-03-18 00:05:26,890 INFO o.a.j.r.d.JsonExporter: Found data for consumer statisticsSummary in context
2026-03-18 00:05:26,890 INFO o.a.j.r.d.JsonExporter: Creating statistics for overall
2026-03-18 00:05:26,892 INFO o.a.j.r.d.JsonExporter: Creating statistics for other transactions
2026-03-18 00:05:26,892 INFO o.a.j.r.d.JsonExporter: Checking output folder
2026-03-18 00:05:26,892 INFO o.a.j.r.d.JsonExporter: Writing statistics JSON to C:\demoblaze-performance-testing\reports\baseline\html\statistics.json
2026-03-18 00:05:26,967 INFO o.a.j.r.d.ReportGenerator: Exporting data using exporter:'html' of className:'org.apache.jmeter.report.dashboard.HtmlTemplateExporter'
2026-03-18 00:05:26,974 INFO o.a.j.r.d.HtmlTemplateExporter: Will generate dashboard in folder: C:\demoblaze-performance-testing\reports\baseline\html
2026-03-18 00:05:27,254 INFO o.a.j.r.d.HtmlTemplateExporter: Report will be generated in: C:\demoblaze-performance-testing\reports\baseline\html, creating folder structure
2026-03-18 00:05:27,267 INFO o.a.j.r.d.TemplateVisitor: Copying folder from 'C:\JMeter\apache-jmeter-5.6.3\bin\report-template' to 'C:\demoblaze-performance-testing\reports\baseline\html', got message: C:\demoblaze-performance-testing\reports\baseline\html, found non empty folder with following content [C:\demoblaze-performance-testing\reports\baseline\html\statistics.json], will be ignored
2026-03-18 00:05:28,825 INFO o.a.j.JMeter: Dashboard generated
